gmake[1]: Entering directory '/home/orangepi/roscan_ws/build/roscan'
gmake[2]: Entering directory '/home/orangepi/roscan_ws/build/roscan'
gmake[3]: Entering directory '/home/orangepi/roscan_ws/build/roscan'
[35m[1mConsolidate compiler generated dependencies of target rpm_ctrl[0m
gmake[3]: Leaving directory '/home/orangepi/roscan_ws/build/roscan'
gmake[3]: Entering directory '/home/orangepi/roscan_ws/build/roscan'
[ 50%] [32mBuilding CXX object CMakeFiles/rpm_ctrl.dir/src/rpm_ctrl.cpp.o[0m
[01m[K/home/orangepi/roscan_ws/roscan/src/rpm_ctrl.cpp:[m[K In function â€˜[01m[Kint waitForMessage()[m[Kâ€™:
[01m[K/home/orangepi/roscan_ws/roscan/src/rpm_ctrl.cpp:50:31:[m[K [01;31m[Kerror: [m[Kâ€˜[01m[Ksock[m[Kâ€™ was not declared in this scope; did you mean â€˜[01m[Ksocket[m[Kâ€™?
   50 |         ssize_t nbytes = read([01;31m[Ksock[m[K, &frame, sizeof(struct can_frame));
      |                               [01;31m[K^~~~[m[K
      |                               [32m[Ksocket[m[K
gmake[3]: *** [CMakeFiles/rpm_ctrl.dir/build.make:76: CMakeFiles/rpm_ctrl.dir/src/rpm_ctrl.cpp.o] Error 1
gmake[3]: Leaving directory '/home/orangepi/roscan_ws/build/roscan'
gmake[2]: *** [CMakeFiles/Makefile2:137: CMakeFiles/rpm_ctrl.dir/all] Error 2
gmake[2]: Leaving directory '/home/orangepi/roscan_ws/build/roscan'
gmake[1]: *** [Makefile:146: all] Error 2
gmake[1]: Leaving directory '/home/orangepi/roscan_ws/build/roscan'
