[0.020s] Invoking command in '/home/orangepi/roscan_ws/build/roscan': CMAKE_PREFIX_PATH=${CMAKE_PREFIX_PATH}:/opt/ros/humble /usr/bin/cmake --build /home/orangepi/roscan_ws/build/roscan -- -j8 -l8
[0.050s] gmake[1]: Entering directory '/home/orangepi/roscan_ws/build/roscan'
[0.106s] gmake[2]: Entering directory '/home/orangepi/roscan_ws/build/roscan'
[0.111s] gmake[3]: Entering directory '/home/orangepi/roscan_ws/build/roscan'
[0.122s] [35m[1mConsolidate compiler generated dependencies of target rpm_ctrl[0m
[0.126s] gmake[3]: Leaving directory '/home/orangepi/roscan_ws/build/roscan'
[0.134s] gmake[3]: Entering directory '/home/orangepi/roscan_ws/build/roscan'
[0.156s] [ 50%] [32mBuilding CXX object CMakeFiles/rpm_ctrl.dir/src/rpm_ctrl.cpp.o[0m
[0.444s] [01m[K/home/orangepi/roscan_ws/roscan/src/rpm_ctrl.cpp:[m[K In function â€˜[01m[Kint waitForMessage()[m[Kâ€™:
[0.445s] [01m[K/home/orangepi/roscan_ws/roscan/src/rpm_ctrl.cpp:49:31:[m[K [01;31m[Kerror: [m[Kâ€˜[01m[Ksock[m[Kâ€™ was not declared in this scope; did you mean â€˜[01m[Ksocket[m[Kâ€™?
[0.445s]    49 |         ssize_t nbytes = read([01;31m[Ksock[m[K, &frame, sizeof(struct can_frame));
[0.446s]       |                               [01;31m[K^~~~[m[K
[0.446s]       |                               [32m[Ksocket[m[K
[0.489s] gmake[3]: Leaving directory '/home/orangepi/roscan_ws/build/roscan'
[0.489s] gmake[2]: Leaving directory '/home/orangepi/roscan_ws/build/roscan'
[0.490s] gmake[3]: *** [CMakeFiles/rpm_ctrl.dir/build.make:76: CMakeFiles/rpm_ctrl.dir/src/rpm_ctrl.cpp.o] Error 1
[0.490s] gmake[2]: *** [CMakeFiles/Makefile2:137: CMakeFiles/rpm_ctrl.dir/all] Error 2
[0.490s] gmake[1]: *** [Makefile:146: all] Error 2
[0.490s] gmake[1]: Leaving directory '/home/orangepi/roscan_ws/build/roscan'
[0.494s] Invoked command in '/home/orangepi/roscan_ws/build/roscan' returned '2': CMAKE_PREFIX_PATH=${CMAKE_PREFIX_PATH}:/opt/ros/humble /usr/bin/cmake --build /home/orangepi/roscan_ws/build/roscan -- -j8 -l8
