[0.023s] Invoking command in '/home/orangepi/roscan_ws/build/roscan': CMAKE_PREFIX_PATH=${CMAKE_PREFIX_PATH}:/opt/ros/humble /usr/bin/cmake --build /home/orangepi/roscan_ws/build/roscan -- -j8 -l8
[0.050s] gmake[1]: Entering directory '/home/orangepi/roscan_ws/build/roscan'
[0.108s] gmake[2]: Entering directory '/home/orangepi/roscan_ws/build/roscan'
[0.111s] gmake[3]: Entering directory '/home/orangepi/roscan_ws/build/roscan'
[0.135s] [35m[1mConsolidate compiler generated dependencies of target rpm_ctrl[0m
[0.141s] gmake[3]: Leaving directory '/home/orangepi/roscan_ws/build/roscan'
[0.146s] gmake[3]: Entering directory '/home/orangepi/roscan_ws/build/roscan'
[0.169s] [ 50%] [32mBuilding CXX object CMakeFiles/rpm_ctrl.dir/src/rpm_ctrl.cpp.o[0m
[0.212s] [01m[K/home/orangepi/roscan_ws/roscan/src/rpm_ctrl.cpp:[m[K In function â€˜[01m[Kint main(int, char**)[m[Kâ€™:
[0.212s] [01m[K/home/orangepi/roscan_ws/roscan/src/rpm_ctrl.cpp:10:21:[m[K [01;31m[Kerror: [m[Kâ€˜[01m[KPF_CAN[m[Kâ€™ was not declared in this scope
[0.212s]    10 |   int sock = socket([01;31m[KPF_CAN[m[K, SOCK_RAW, CAN_RAW);
[0.212s]       |                     [01;31m[K^~~~~~[m[K
[0.213s] [01m[K/home/orangepi/roscan_ws/roscan/src/rpm_ctrl.cpp:10:29:[m[K [01;31m[Kerror: [m[Kâ€˜[01m[KSOCK_RAW[m[Kâ€™ was not declared in this scope
[0.213s]    10 |   int sock = socket(PF_CAN, [01;31m[KSOCK_RAW[m[K, CAN_RAW);
[0.213s]       |                             [01;31m[K^~~~~~~~[m[K
[0.214s] [01m[K/home/orangepi/roscan_ws/roscan/src/rpm_ctrl.cpp:10:39:[m[K [01;31m[Kerror: [m[Kâ€˜[01m[KCAN_RAW[m[Kâ€™ was not declared in this scope
[0.215s]    10 |   int sock = socket(PF_CAN, SOCK_RAW, [01;31m[KCAN_RAW[m[K);
[0.215s]       |                                       [01;31m[K^~~~~~~[m[K
[0.216s] [01m[K/home/orangepi/roscan_ws/roscan/src/rpm_ctrl.cpp:10:14:[m[K [01;31m[Kerror: [m[Kâ€˜[01m[Ksocket[m[Kâ€™ was not declared in this scope; did you mean â€˜[01m[Ksock[m[Kâ€™?
[0.216s]    10 |   int sock = [01;31m[Ksocket[m[K(PF_CAN, SOCK_RAW, CAN_RAW);
[0.216s]       |              [01;31m[K^~~~~~[m[K
[0.216s]       |              [32m[Ksock[m[K
[0.216s] [01m[K/home/orangepi/roscan_ws/roscan/src/rpm_ctrl.cpp:12:14:[m[K [01;31m[Kerror: [m[Kâ€˜[01m[Kcerr[m[Kâ€™ is not a member of â€˜[01m[Kstd[m[Kâ€™
[0.216s]    12 |         std::[01;31m[Kcerr[m[K << "Error opening socket" << std::endl;
[0.216s]       |              [01;31m[K^~~~[m[K
[0.217s] [01m[K/home/orangepi/roscan_ws/roscan/src/rpm_ctrl.cpp:2:1:[m[K [01;36m[Knote: [m[Kâ€˜[01m[Kstd::cerr[m[Kâ€™ is defined in header â€˜[01m[K<iostream>[m[Kâ€™; did you forget to â€˜[01m[K#include <iostream>[m[Kâ€™?
[0.217s]     1 | #include <cstdio>
[0.217s]   +++ |+[32m[K#include <iostream>[m[K
[0.217s]     2 | 
[0.217s] [01m[K/home/orangepi/roscan_ws/roscan/src/rpm_ctrl.cpp:12:53:[m[K [01;31m[Kerror: [m[Kâ€˜[01m[Kendl[m[Kâ€™ is not a member of â€˜[01m[Kstd[m[Kâ€™
[0.217s]    12 |         std::cerr << "Error opening socket" << std::[01;31m[Kendl[m[K;
[0.217s]       |                                                     [01;31m[K^~~~[m[K
[0.217s] [01m[K/home/orangepi/roscan_ws/roscan/src/rpm_ctrl.cpp:2:1:[m[K [01;36m[Knote: [m[Kâ€˜[01m[Kstd::endl[m[Kâ€™ is defined in header â€˜[01m[K<ostream>[m[Kâ€™; did you forget to â€˜[01m[K#include <ostream>[m[Kâ€™?
[0.217s]     1 | #include <cstdio>
[0.217s]   +++ |+[32m[K#include <ostream>[m[K
[0.217s]     2 | 
[0.217s] [01m[K/home/orangepi/roscan_ws/roscan/src/rpm_ctrl.cpp:15:14:[m[K [01;31m[Kerror: [m[Kâ€˜[01m[Kcout[m[Kâ€™ is not a member of â€˜[01m[Kstd[m[Kâ€™
[0.217s]    15 |         std::[01;31m[Kcout[m[K << "Socket opened successfully." << std::endl;
[0.217s]       |              [01;31m[K^~~~[m[K
[0.218s] [01m[K/home/orangepi/roscan_ws/roscan/src/rpm_ctrl.cpp:15:14:[m[K [01;36m[Knote: [m[Kâ€˜[01m[Kstd::cout[m[Kâ€™ is defined in header â€˜[01m[K<iostream>[m[Kâ€™; did you forget to â€˜[01m[K#include <iostream>[m[Kâ€™?
[0.218s] [01m[K/home/orangepi/roscan_ws/roscan/src/rpm_ctrl.cpp:15:60:[m[K [01;31m[Kerror: [m[Kâ€˜[01m[Kendl[m[Kâ€™ is not a member of â€˜[01m[Kstd[m[Kâ€™
[0.218s]    15 |         std::cout << "Socket opened successfully." << std::[01;31m[Kendl[m[K;
[0.218s]       |                                                            [01;31m[K^~~~[m[K
[0.218s] [01m[K/home/orangepi/roscan_ws/roscan/src/rpm_ctrl.cpp:15:60:[m[K [01;36m[Knote: [m[Kâ€˜[01m[Kstd::endl[m[Kâ€™ is defined in header â€˜[01m[K<ostream>[m[Kâ€™; did you forget to â€˜[01m[K#include <ostream>[m[Kâ€™?
[0.218s] [01m[K/home/orangepi/roscan_ws/roscan/src/rpm_ctrl.cpp:18:18:[m[K [01;31m[Kerror: [m[Kaggregate â€˜[01m[Kmain(int, char**)::ifreq ifr[m[Kâ€™ has incomplete type and cannot be defined
[0.218s]    18 |     struct ifreq [01;31m[Kifr[m[K;
[0.218s]       |                  [01;31m[K^~~[m[K
[0.218s] [01m[K/home/orangepi/roscan_ws/roscan/src/rpm_ctrl.cpp:19:10:[m[K [01;31m[Kerror: [m[Kâ€˜[01m[Kstrcpy[m[Kâ€™ is not a member of â€˜[01m[Kstd[m[Kâ€™
[0.218s]    19 |     std::[01;31m[Kstrcpy[m[K(ifr.ifr_name, "can0");  // Replace "can0" with your desired interface name
[0.218s]       |          [01;31m[K^~~~~~[m[K
[0.219s] [01m[K/home/orangepi/roscan_ws/roscan/src/rpm_ctrl.cpp:20:17:[m[K [01;31m[Kerror: [m[Kâ€˜[01m[KSIOCGIFINDEX[m[Kâ€™ was not declared in this scope
[0.219s]    20 |     ioctl(sock, [01;31m[KSIOCGIFINDEX[m[K, &ifr);
[0.219s]       |                 [01;31m[K^~~~~~~~~~~~[m[K
[0.219s] [01m[K/home/orangepi/roscan_ws/roscan/src/rpm_ctrl.cpp:20:5:[m[K [01;31m[Kerror: [m[Kâ€˜[01m[Kioctl[m[Kâ€™ was not declared in this scope
[0.219s]    20 |     [01;31m[Kioctl[m[K(sock, SIOCGIFINDEX, &ifr);
[0.219s]       |     [01;31m[K^~~~~[m[K
[0.219s] [01m[K/home/orangepi/roscan_ws/roscan/src/rpm_ctrl.cpp:22:25:[m[K [01;31m[Kerror: [m[Kaggregate â€˜[01m[Kmain(int, char**)::sockaddr_can addr[m[Kâ€™ has incomplete type and cannot be defined
[0.220s]    22 |     struct sockaddr_can [01;31m[Kaddr[m[K;
[0.220s]       |                         [01;31m[K^~~~[m[K
[0.221s] [01m[K/home/orangepi/roscan_ws/roscan/src/rpm_ctrl.cpp:23:23:[m[K [01;31m[Kerror: [m[Kâ€˜[01m[KAF_CAN[m[Kâ€™ was not declared in this scope
[0.221s]    23 |     addr.can_family = [01;31m[KAF_CAN[m[K;
[0.222s]       |                       [01;31m[K^~~~~~[m[K
[0.222s] [01m[K/home/orangepi/roscan_ws/roscan/src/rpm_ctrl.cpp:26:12:[m[K [01;31m[Kerror: [m[Kâ€˜[01m[Kbind[m[Kâ€™ was not declared in this scope
[0.223s]    26 |     bret = [01;31m[Kbind[m[K(sock, (struct sockaddr *)&addr, sizeof(addr));
[0.223s]       |            [01;31m[K^~~~[m[K
[0.223s] [01m[K/home/orangepi/roscan_ws/roscan/src/rpm_ctrl.cpp:29:14:[m[K [01;31m[Kerror: [m[Kâ€˜[01m[Kcerr[m[Kâ€™ is not a member of â€˜[01m[Kstd[m[Kâ€™
[0.224s]    29 |         std::[01;31m[Kcerr[m[K << "Error binding socket" << std::endl;
[0.224s]       |              [01;31m[K^~~~[m[K
[0.224s] [01m[K/home/orangepi/roscan_ws/roscan/src/rpm_ctrl.cpp:29:14:[m[K [01;36m[Knote: [m[Kâ€˜[01m[Kstd::cerr[m[Kâ€™ is defined in header â€˜[01m[K<iostream>[m[Kâ€™; did you forget to â€˜[01m[K#include <iostream>[m[Kâ€™?
[0.225s] [01m[K/home/orangepi/roscan_ws/roscan/src/rpm_ctrl.cpp:29:53:[m[K [01;31m[Kerror: [m[Kâ€˜[01m[Kendl[m[Kâ€™ is not a member of â€˜[01m[Kstd[m[Kâ€™
[0.226s]    29 |         std::cerr << "Error binding socket" << std::[01;31m[Kendl[m[K;
[0.226s]       |                                                     [01;31m[K^~~~[m[K
[0.227s] [01m[K/home/orangepi/roscan_ws/roscan/src/rpm_ctrl.cpp:29:53:[m[K [01;36m[Knote: [m[Kâ€˜[01m[Kstd::endl[m[Kâ€™ is defined in header â€˜[01m[K<ostream>[m[Kâ€™; did you forget to â€˜[01m[K#include <ostream>[m[Kâ€™?
[0.227s] [01m[K/home/orangepi/roscan_ws/roscan/src/rpm_ctrl.cpp:32:14:[m[K [01;31m[Kerror: [m[Kâ€˜[01m[Kcout[m[Kâ€™ is not a member of â€˜[01m[Kstd[m[Kâ€™
[0.228s]    32 |         std::[01;31m[Kcout[m[K << "Socket binded successfully." << std::endl;
[0.228s]       |              [01;31m[K^~~~[m[K
[0.228s] [01m[K/home/orangepi/roscan_ws/roscan/src/rpm_ctrl.cpp:32:14:[m[K [01;36m[Knote: [m[Kâ€˜[01m[Kstd::cout[m[Kâ€™ is defined in header â€˜[01m[K<iostream>[m[Kâ€™; did you forget to â€˜[01m[K#include <iostream>[m[Kâ€™?
[0.229s] [01m[K/home/orangepi/roscan_ws/roscan/src/rpm_ctrl.cpp:32:60:[m[K [01;31m[Kerror: [m[Kâ€˜[01m[Kendl[m[Kâ€™ is not a member of â€˜[01m[Kstd[m[Kâ€™
[0.229s]    32 |         std::cout << "Socket binded successfully." << std::[01;31m[Kendl[m[K;
[0.230s]       |                                                            [01;31m[K^~~~[m[K
[0.230s] [01m[K/home/orangepi/roscan_ws/roscan/src/rpm_ctrl.cpp:32:60:[m[K [01;36m[Knote: [m[Kâ€˜[01m[Kstd::endl[m[Kâ€™ is defined in header â€˜[01m[K<ostream>[m[Kâ€™; did you forget to â€˜[01m[K#include <ostream>[m[Kâ€™?
[0.230s] [01m[K/home/orangepi/roscan_ws/roscan/src/rpm_ctrl.cpp:[m[K In function â€˜[01m[Kint waitForMessage()[m[Kâ€™:
[0.231s] [01m[K/home/orangepi/roscan_ws/roscan/src/rpm_ctrl.cpp:42:22:[m[K [01;31m[Kerror: [m[Kaggregate â€˜[01m[KwaitForMessage()::can_frame frame[m[Kâ€™ has incomplete type and cannot be defined
[0.231s]    42 |     struct can_frame [01;31m[Kframe[m[K;
[0.232s]       |                      [01;31m[K^~~~~[m[K
[0.232s] [01m[K/home/orangepi/roscan_ws/roscan/src/rpm_ctrl.cpp:44:31:[m[K [01;31m[Kerror: [m[Kâ€˜[01m[Ksock[m[Kâ€™ was not declared in this scope
[0.232s]    44 |         ssize_t nbytes = read([01;31m[Ksock[m[K, &frame, sizeof(struct can_frame));
[0.233s]       |                               [01;31m[K^~~~[m[K
[0.234s] [01m[K/home/orangepi/roscan_ws/roscan/src/rpm_ctrl.cpp:44:45:[m[K [01;31m[Kerror: [m[Kinvalid application of â€˜[01m[Ksizeof[m[Kâ€™ to incomplete type â€˜[01m[KwaitForMessage()::can_frame[m[Kâ€™
[0.235s]    44 |         ssize_t nbytes = read(sock, &frame, [01;31m[Ksizeof(struct can_frame)[m[K);
[0.236s]       |                                             [01;31m[K^~~~~~~~~~~~~~~~~~~~~~~~[m[K
[0.236s] [01m[K/home/orangepi/roscan_ws/roscan/src/rpm_ctrl.cpp:44:26:[m[K [01;31m[Kerror: [m[Kâ€˜[01m[Kread[m[Kâ€™ was not declared in this scope; did you mean â€˜[01m[Kfread[m[Kâ€™?
[0.237s]    44 |         ssize_t nbytes = [01;31m[Kread[m[K(sock, &frame, sizeof(struct can_frame));
[0.237s]       |                          [01;31m[K^~~~[m[K
[0.237s]       |                          [32m[Kfread[m[K
[0.238s] [01m[K/home/orangepi/roscan_ws/roscan/src/rpm_ctrl.cpp:46:18:[m[K [01;31m[Kerror: [m[Kâ€˜[01m[Kcerr[m[Kâ€™ is not a member of â€˜[01m[Kstd[m[Kâ€™
[0.238s]    46 |             std::[01;31m[Kcerr[m[K << "Error reading from socket" << std::endl;
[0.238s]       |                  [01;31m[K^~~~[m[K
[0.239s] [01m[K/home/orangepi/roscan_ws/roscan/src/rpm_ctrl.cpp:46:18:[m[K [01;36m[Knote: [m[Kâ€˜[01m[Kstd::cerr[m[Kâ€™ is defined in header â€˜[01m[K<iostream>[m[Kâ€™; did you forget to â€˜[01m[K#include <iostream>[m[Kâ€™?
[0.239s] [01m[K/home/orangepi/roscan_ws/roscan/src/rpm_ctrl.cpp:46:62:[m[K [01;31m[Kerror: [m[Kâ€˜[01m[Kendl[m[Kâ€™ is not a member of â€˜[01m[Kstd[m[Kâ€™
[0.239s]    46 |             std::cerr << "Error reading from socket" << std::[01;31m[Kendl[m[K;
[0.240s]       |                                                              [01;31m[K^~~~[m[K
[0.240s] [01m[K/home/orangepi/roscan_ws/roscan/src/rpm_ctrl.cpp:46:62:[m[K [01;36m[Knote: [m[Kâ€˜[01m[Kstd::endl[m[Kâ€™ is defined in header â€˜[01m[K<ostream>[m[Kâ€™; did you forget to â€˜[01m[K#include <ostream>[m[Kâ€™?
[0.241s] [01m[K/home/orangepi/roscan_ws/roscan/src/rpm_ctrl.cpp:52:18:[m[K [01;31m[Kerror: [m[Kâ€˜[01m[Kcout[m[Kâ€™ is not a member of â€˜[01m[Kstd[m[Kâ€™
[0.241s]    52 |             std::[01;31m[Kcout[m[K << "Dados do inversor " << std::hex << static_cast<int>(frame.data[0]) << " " << std::hex << static_cast<int>(frame.data[1]) << " " << std::endl;
[0.241s]       |                  [01;31m[K^~~~[m[K
[0.242s] [01m[K/home/orangepi/roscan_ws/roscan/src/rpm_ctrl.cpp:52:18:[m[K [01;36m[Knote: [m[Kâ€˜[01m[Kstd::cout[m[Kâ€™ is defined in header â€˜[01m[K<iostream>[m[Kâ€™; did you forget to â€˜[01m[K#include <iostream>[m[Kâ€™?
[0.242s] [01m[K/home/orangepi/roscan_ws/roscan/src/rpm_ctrl.cpp:52:55:[m[K [01;31m[Kerror: [m[Kâ€˜[01m[Khex[m[Kâ€™ is not a member of â€˜[01m[Kstd[m[Kâ€™
[0.242s]    52 |             std::cout << "Dados do inversor " << std::[01;31m[Khex[m[K << static_cast<int>(frame.data[0]) << " " << std::hex << static_cast<int>(frame.data[1]) << " " << std::endl;
[0.243s]       |                                                       [01;31m[K^~~[m[K
[0.243s] [01m[K/home/orangepi/roscan_ws/roscan/src/rpm_ctrl.cpp:52:109:[m[K [01;31m[Kerror: [m[Kâ€˜[01m[Khex[m[Kâ€™ is not a member of â€˜[01m[Kstd[m[Kâ€™
[0.244s]    52 |             std::cout << "Dados do inversor " << std::hex << static_cast<int>(frame.data[0]) << " " << std::[01;31m[Khex[m[K << static_cast<int>(frame.data[1]) << " " << std::endl;
[0.245s]       |                                                                                                             [01;31m[K^~~[m[K
[0.246s] [01m[K/home/orangepi/roscan_ws/roscan/src/rpm_ctrl.cpp:52:163:[m[K [01;31m[Kerror: [m[Kâ€˜[01m[Kendl[m[Kâ€™ is not a member of â€˜[01m[Kstd[m[Kâ€™
[0.246s]    52 |             std::cout << "Dados do inversor " << std::hex << static_cast<int>(frame.data[0]) << " " << std::hex << static_cast<int>(frame.data[1]) << " " << std::[01;31m[Kendl[m[K;
[0.247s]       |                                                                                                                                                                   [01;31m[K^~~~[m[K
[0.247s] [01m[K/home/orangepi/roscan_ws/roscan/src/rpm_ctrl.cpp:52:163:[m[K [01;36m[Knote: [m[Kâ€˜[01m[Kstd::endl[m[Kâ€™ is defined in header â€˜[01m[K<ostream>[m[Kâ€™; did you forget to â€˜[01m[K#include <ostream>[m[Kâ€™?
[0.247s] [01m[K/home/orangepi/roscan_ws/roscan/src/rpm_ctrl.cpp:54:22:[m[K [01;31m[Kerror: [m[Kâ€˜[01m[Kcout[m[Kâ€™ is not a member of â€˜[01m[Kstd[m[Kâ€™
[0.248s]    54 |                 std::[01;31m[Kcout[m[K << "REMOTO" << std::endl;
[0.248s]       |                      [01;31m[K^~~~[m[K
[0.248s] [01m[K/home/orangepi/roscan_ws/roscan/src/rpm_ctrl.cpp:54:22:[m[K [01;36m[Knote: [m[Kâ€˜[01m[Kstd::cout[m[Kâ€™ is defined in header â€˜[01m[K<iostream>[m[Kâ€™; did you forget to â€˜[01m[K#include <iostream>[m[Kâ€™?
[0.249s] [01m[K/home/orangepi/roscan_ws/roscan/src/rpm_ctrl.cpp:54:47:[m[K [01;31m[Kerror: [m[Kâ€˜[01m[Kendl[m[Kâ€™ is not a member of â€˜[01m[Kstd[m[Kâ€™
[0.249s]    54 |                 std::cout << "REMOTO" << std::[01;31m[Kendl[m[K;
[0.250s]       |                                               [01;31m[K^~~~[m[K
[0.250s] [01m[K/home/orangepi/roscan_ws/roscan/src/rpm_ctrl.cpp:54:47:[m[K [01;36m[Knote: [m[Kâ€˜[01m[Kstd::endl[m[Kâ€™ is defined in header â€˜[01m[K<ostream>[m[Kâ€™; did you forget to â€˜[01m[K#include <ostream>[m[Kâ€™?
[0.250s] [01m[K/home/orangepi/roscan_ws/roscan/src/rpm_ctrl.cpp:57:22:[m[K [01;31m[Kerror: [m[Kâ€˜[01m[Kcout[m[Kâ€™ is not a member of â€˜[01m[Kstd[m[Kâ€™
[0.251s]    57 |                 std::[01;31m[Kcout[m[K << "FALHA" << std::endl;
[0.251s]       |                      [01;31m[K^~~~[m[K
[0.251s] [01m[K/home/orangepi/roscan_ws/roscan/src/rpm_ctrl.cpp:57:22:[m[K [01;36m[Knote: [m[Kâ€˜[01m[Kstd::cout[m[Kâ€™ is defined in header â€˜[01m[K<iostream>[m[Kâ€™; did you forget to â€˜[01m[K#include <iostream>[m[Kâ€™?
[0.252s] [01m[K/home/orangepi/roscan_ws/roscan/src/rpm_ctrl.cpp:57:46:[m[K [01;31m[Kerror: [m[Kâ€˜[01m[Kendl[m[Kâ€™ is not a member of â€˜[01m[Kstd[m[Kâ€™
[0.252s]    57 |                 std::cout << "FALHA" << std::[01;31m[Kendl[m[K;
[0.252s]       |                                              [01;31m[K^~~~[m[K
[0.253s] [01m[K/home/orangepi/roscan_ws/roscan/src/rpm_ctrl.cpp:57:46:[m[K [01;36m[Knote: [m[Kâ€˜[01m[Kstd::endl[m[Kâ€™ is defined in header â€˜[01m[K<ostream>[m[Kâ€™; did you forget to â€˜[01m[K#include <ostream>[m[Kâ€™?
[0.253s] [01m[K/home/orangepi/roscan_ws/roscan/src/rpm_ctrl.cpp:60:22:[m[K [01;31m[Kerror: [m[Kâ€˜[01m[Kcout[m[Kâ€™ is not a member of â€˜[01m[Kstd[m[Kâ€™
[0.254s]    60 |                 std::[01;31m[Kcout[m[K << "SUBTENSAO" << std::endl;
[0.254s]       |                      [01;31m[K^~~~[m[K
[0.254s] [01m[K/home/orangepi/roscan_ws/roscan/src/rpm_ctrl.cpp:60:22:[m[K [01;36m[Knote: [m[Kâ€˜[01m[Kstd::cout[m[Kâ€™ is defined in header â€˜[01m[K<iostream>[m[Kâ€™; did you forget to â€˜[01m[K#include <iostream>[m[Kâ€™?
[0.255s] [01m[K/home/orangepi/roscan_ws/roscan/src/rpm_ctrl.cpp:60:50:[m[K [01;31m[Kerror: [m[Kâ€˜[01m[Kendl[m[Kâ€™ is not a member of â€˜[01m[Kstd[m[Kâ€™
[0.255s]    60 |                 std::cout << "SUBTENSAO" << std::[01;31m[Kendl[m[K;
[0.255s]       |                                                  [01;31m[K^~~~[m[K
[0.256s] [01m[K/home/orangepi/roscan_ws/roscan/src/rpm_ctrl.cpp:60:50:[m[K [01;36m[Knote: [m[Kâ€˜[01m[Kstd::endl[m[Kâ€™ is defined in header â€˜[01m[K<ostream>[m[Kâ€™; did you forget to â€˜[01m[K#include <ostream>[m[Kâ€™?
[0.256s] gmake[3]: *** [CMakeFiles/rpm_ctrl.dir/build.make:76: CMakeFiles/rpm_ctrl.dir/src/rpm_ctrl.cpp.o] Error 1
[0.256s] gmake[3]: Leaving directory '/home/orangepi/roscan_ws/build/roscan'
[0.257s] gmake[2]: *** [CMakeFiles/Makefile2:137: CMakeFiles/rpm_ctrl.dir/all] Error 2
[0.257s] gmake[2]: Leaving directory '/home/orangepi/roscan_ws/build/roscan'
[0.258s] gmake[1]: *** [Makefile:146: all] Error 2
[0.258s] gmake[1]: Leaving directory '/home/orangepi/roscan_ws/build/roscan'
[0.259s] Invoked command in '/home/orangepi/roscan_ws/build/roscan' returned '2': CMAKE_PREFIX_PATH=${CMAKE_PREFIX_PATH}:/opt/ros/humble /usr/bin/cmake --build /home/orangepi/roscan_ws/build/roscan -- -j8 -l8
