[0.020s] Invoking command in '/home/orangepi/roscan_ws/build/roscan': CMAKE_PREFIX_PATH=${CMAKE_PREFIX_PATH}:/opt/ros/humble /usr/bin/cmake --build /home/orangepi/roscan_ws/build/roscan -- -j8 -l8
[0.048s] gmake[1]: Entering directory '/home/orangepi/roscan_ws/build/roscan'
[0.103s] gmake[2]: Entering directory '/home/orangepi/roscan_ws/build/roscan'
[0.109s] gmake[3]: Entering directory '/home/orangepi/roscan_ws/build/roscan'
[0.137s] gmake[3]: Leaving directory '/home/orangepi/roscan_ws/build/roscan'
[0.145s] gmake[3]: Entering directory '/home/orangepi/roscan_ws/build/roscan'
[0.167s] [ 50%] [32mBuilding CXX object CMakeFiles/rpm_ctrl.dir/src/rpm_ctrl.cpp.o[0m
[0.465s] [01m[K/home/orangepi/roscan_ws/roscan/src/rpm_ctrl.cpp:[m[K In function â€˜[01m[Kint main(int, char**)[m[Kâ€™:
[0.465s] [01m[K/home/orangepi/roscan_ws/roscan/src/rpm_ctrl.cpp:43:3:[m[K [01;31m[Kerror: [m[Kâ€˜[01m[KwaitForMessage[m[Kâ€™ was not declared in this scope
[0.465s]    43 |   [01;31m[KwaitForMessage[m[K(sock);
[0.466s]       |   [01;31m[K^~~~~~~~~~~~~~[m[K
[0.512s] gmake[3]: *** [CMakeFiles/rpm_ctrl.dir/build.make:76: CMakeFiles/rpm_ctrl.dir/src/rpm_ctrl.cpp.o] Error 1
[0.513s] gmake[3]: Leaving directory '/home/orangepi/roscan_ws/build/roscan'
[0.513s] gmake[2]: Leaving directory '/home/orangepi/roscan_ws/build/roscan'
[0.513s] gmake[1]: Leaving directory '/home/orangepi/roscan_ws/build/roscan'
[0.514s] gmake[2]: *** [CMakeFiles/Makefile2:137: CMakeFiles/rpm_ctrl.dir/all] Error 2
[0.514s] gmake[1]: *** [Makefile:146: all] Error 2
[0.518s] Invoked command in '/home/orangepi/roscan_ws/build/roscan' returned '2': CMAKE_PREFIX_PATH=${CMAKE_PREFIX_PATH}:/opt/ros/humble /usr/bin/cmake --build /home/orangepi/roscan_ws/build/roscan -- -j8 -l8
